我是rank 1，总共有 2 个节点
Rank 1 尝试连接到 Rank 0 (127.0.0.1:5000)...
连接失败，1秒后重试...
连接失败，1秒后重试...
连接失败，1秒后重试...
Rank 1 成功连接到 Rank 0
Rank 1: 所有连接已建立

Rank 1: 测试数据大小: 1.00 MB
Rank 1: 测试TCP广播...
Rank 1: 测试TCP AllReduce...

Rank 1: 测试数据大小: 4.00 MB
Rank 1: 测试TCP广播...
Rank 1: 测试TCP AllReduce...

Rank 1: 测试数据大小: 16.00 MB
Rank 1: 测试TCP广播...
Rank 1: 测试TCP AllReduce...

Rank 1: 测试数据大小: 64.00 MB
Rank 1: 测试TCP广播...
Rank 1: 测试TCP AllReduce...

Rank 1: 测试数据大小: 256.00 MB
Rank 1: 测试TCP广播...
Rank 1: 测试TCP AllReduce...
Rank 1: 测试完成
